<?xml version="1.0" encoding="UTF-8"?>
<testsuite xmlns:xsi="http://www.w3.org/2001/XMLSchema-instance" xsi:noNamespaceSchemaLocation="https://maven.apache.org/surefire/maven-surefire-plugin/xsd/surefire-test-report-3.0.xsd" version="3.0" name="coms.TestDockerSpringBoot.TestDockerSpringBootApplicationTests" time="8.082" tests="1" errors="0" skipped="0" failures="0">
  <properties>
[...]
</properties>
  <testcase name="contextLoads" classname="coms.TestDockerSpringBoot.TestDockerSpringBootApplicationTests" time="2.321">
    <system-out><![CDATA[15:40:50.401 [main] INFO org.springframework.test.context.support.AnnotationConfigContextLoaderUtils -- Could not detect default configuration classes for test class [coms.TestDockerSpringBoot.TestDockerSpringBootApplicationTests]: TestDockerSpringBootApplicationTests does not declare any static, non-private, non-final, nested classes annotated with @Configuration.
15:40:50.629 [main] INFO org.springframework.boot.test.context.SpringBootTestContextBootstrapper -- Found @SpringBootConfiguration coms.TestDockerSpringBoot.TestDockerSpringBootApplication for test class coms.TestDockerSpringBoot.TestDockerSpringBootApplicationTests

  .   ____          _            __ _ _
 /\\ / ___'_ __ _ _(_)_ __  __ _ \ \ \ \
( ( )\___ | '_ | '_| | '_ \/ _` | \ \ \ \
 \\/  ___)| |_)| | | | | || (_| |  ) ) ) )
  '  |____| .__|_| |_|_| |_\__, | / / / /
 =========|_|==============|___/=/_/_/_/
 :: Spring Boot ::                (v3.1.9)

2024-03-14T15:40:51.726+05:30  INFO 7852 --- [           main] c.T.TestDockerSpringBootApplicationTests : Starting TestDockerSpringBootApplicationTests using Java 17.0.7 with PID 7852 (started by SLP11007 in C:\Tricon\JavaSessions\TestDockerSpringBoot)
2024-03-14T15:40:51.733+05:30  INFO 7852 --- [           main] c.T.TestDockerSpringBootApplicationTests : No active profile set, falling back to 1 default profile: "default"
2024-03-14T15:40:55.559+05:30  INFO 7852 --- [           main] o.s.b.a.e.web.EndpointLinksResolver      : Exposing 1 endpoint(s) beneath base path '/actuator'
2024-03-14T15:40:55.672+05:30  INFO 7852 --- [           main] c.T.TestDockerSpringBootApplicationTests : Started TestDockerSpringBootApplicationTests in 4.658 seconds (process running for 6.902)
]]></system-out>
  </testcase>
</testsuite>